d:\consoleapplication1\consoleapplication1\x64\debug\vc143.pdb
d:\consoleapplication1\consoleapplication1\x64\debug\vc143.idb
d:\consoleapplication1\consoleapplication1\x64\debug\leaderboardmanagercpp.obj
d:\consoleapplication1\consoleapplication1\x64\debug\scoremanager.obj
d:\consoleapplication1\consoleapplication1\x64\debug\hud.obj
d:\consoleapplication1\consoleapplication1\x64\debug\enemy.obj
d:\consoleapplication1\consoleapplication1\x64\debug\enemyfactory.obj
d:\consoleapplication1\consoleapplication1\x64\debug\gamemanager.obj
d:\consoleapplication1\consoleapplication1\x64\debug\main.obj
d:\consoleapplication1\x64\debug\consoleapplication1.pdb
d:\consoleapplication1\consoleapplication1\x64\debug\consolea.56c6c61d.tlog\cl.command.1.tlog
d:\consoleapplication1\consoleapplication1\x64\debug\consolea.56c6c61d.tlog\cl.read.1.tlog
d:\consoleapplication1\consoleapplication1\x64\debug\consolea.56c6c61d.tlog\cl.write.1.tlog
d:\consoleapplication1\consoleapplication1\x64\debug\consolea.56c6c61d.tlog\link-cvtres.read.1.tlog
d:\consoleapplication1\consoleapplication1\x64\debug\consolea.56c6c61d.tlog\link-cvtres.write.1.tlog
d:\consoleapplication1\consoleapplication1\x64\debug\consolea.56c6c61d.tlog\link-rc.read.1.tlog
d:\consoleapplication1\consoleapplication1\x64\debug\consolea.56c6c61d.tlog\link-rc.write.1.tlog
d:\consoleapplication1\consoleapplication1\x64\debug\consolea.56c6c61d.tlog\link.command.1.tlog
d:\consoleapplication1\consoleapplication1\x64\debug\consolea.56c6c61d.tlog\link.read.1.tlog
d:\consoleapplication1\consoleapplication1\x64\debug\consolea.56c6c61d.tlog\link.read.2.tlog
d:\consoleapplication1\consoleapplication1\x64\debug\consolea.56c6c61d.tlog\link.write.1.tlog
